<?xml version="1.0" encoding="UTF-8"?>
<!-- Generated by org.testng.reporters.JUnitReportReporter -->
<testsuite skipped="0" hostname="2015080004-3WVP" name="findpw_PC.findpw_PC.AppTest" tests="1" failures="0" timestamp="07 3ì›” 2019 08:50:21 GMT" time="40.372" errors="0">
  <testcase name="findID" time="40.372" classname="findpw_PC.findpw_PC.AppTest"/>
</testsuite> <!-- findpw_PC.findpw_PC.AppTest -->
